<?xml version="1.0" encoding="UTF-8"?>
<coverage generated="1681903647913" clover="3.2.0">
  <project timestamp="1681903647914" name="All files">
    <metrics statements="39" coveredstatements="39" conditionals="0" coveredconditionals="0" methods="16" coveredmethods="16" elements="55" coveredelements="55" complexity="0" loc="39" ncloc="39" packages="2" files="4" classes="4"/>
    <package name="controllers">
      <metrics statements="20" coveredstatements="20" conditionals="0" coveredconditionals="0" methods="3" coveredmethods="3"/>
      <file name="googleSearchController.js" path="C:\Users\igetx\Desktop\bootcamp\wikipedia\controllers\googleSearchController.js">
        <metrics statements="8" coveredstatements="8" conditionals="0" coveredconditionals="0" methods="1" coveredmethods="1"/>
        <line num="7" count="2" type="stmt"/>
        <line num="8" count="2" type="stmt"/>
        <line num="9" count="2" type="stmt"/>
        <line num="10" count="2" type="stmt"/>
        <line num="12" count="2" type="stmt"/>
        <line num="13" count="2" type="stmt"/>
        <line num="14" count="2" type="stmt"/>
        <line num="15" count="2" type="stmt"/>
      </file>
      <file name="wikipediaController.js" path="C:\Users\igetx\Desktop\bootcamp\wikipedia\controllers\wikipediaController.js">
        <metrics statements="12" coveredstatements="12" conditionals="0" coveredconditionals="0" methods="2" coveredmethods="2"/>
        <line num="6" count="1" type="stmt"/>
        <line num="7" count="16" type="stmt"/>
        <line num="9" count="1" type="stmt"/>
        <line num="10" count="1" type="stmt"/>
        <line num="11" count="1" type="stmt"/>
        <line num="12" count="1" type="stmt"/>
        <line num="13" count="1" type="stmt"/>
        <line num="14" count="1" type="stmt"/>
        <line num="15" count="1" type="stmt"/>
        <line num="16" count="1" type="stmt"/>
        <line num="17" count="1" type="stmt"/>
        <line num="18" count="1" type="stmt"/>
      </file>
    </package>
    <package name="utils">
      <metrics statements="19" coveredstatements="19" conditionals="0" coveredconditionals="0" methods="13" coveredmethods="13"/>
      <file name="parser.js" path="C:\Users\igetx\Desktop\bootcamp\wikipedia\utils\parser.js">
        <metrics statements="12" coveredstatements="12" conditionals="0" coveredconditionals="0" methods="9" coveredmethods="9"/>
        <line num="20" count="4" type="stmt"/>
        <line num="21" count="4" type="stmt"/>
        <line num="31" count="4" type="stmt"/>
        <line num="32" count="4" type="stmt"/>
        <line num="33" count="4" type="stmt"/>
        <line num="42" count="2" type="stmt"/>
        <line num="50" count="4" type="stmt"/>
        <line num="51" count="1489" type="stmt"/>
        <line num="60" count="2" type="stmt"/>
        <line num="61" count="130" type="stmt"/>
        <line num="74" count="2" type="stmt"/>
        <line num="75" count="53" type="stmt"/>
      </file>
      <file name="scraper.js" path="C:\Users\igetx\Desktop\bootcamp\wikipedia\utils\scraper.js">
        <metrics statements="7" coveredstatements="7" conditionals="0" coveredconditionals="0" methods="4" coveredmethods="4"/>
        <line num="5" count="4" type="stmt"/>
        <line num="6" count="4" type="stmt"/>
        <line num="9" count="4" type="stmt"/>
        <line num="10" count="4" type="stmt"/>
        <line num="13" count="4" type="stmt"/>
        <line num="14" count="4" type="stmt"/>
        <line num="17" count="4" type="stmt"/>
      </file>
    </package>
  </project>
</coverage>
