{"C:\\Users\\igetx\\Desktop\\bootcamp\\wikipedia\\controllers\\googleSearchController.js": {"path":"C:\\Users\\igetx\\Desktop\\bootcamp\\wikipedia\\controllers\\googleSearchController.js","statementMap":{"0":{"start":{"line":7,"column":20},"end":{"line":7,"column":33}},"1":{"start":{"line":8,"column":4},"end":{"line":8,"column":25}},"2":{"start":{"line":9,"column":16},"end":{"line":9,"column":58}},"3":{"start":{"line":10,"column":17},"end":{"line":10,"column":50}},"4":{"start":{"line":12,"column":19},"end":{"line":12,"column":35}},"5":{"start":{"line":13,"column":18},"end":{"line":13,"column":35}},"6":{"start":{"line":14,"column":4},"end":{"line":14,"column":26}},"7":{"start":{"line":15,"column":4},"end":{"line":15,"column":17}}},"fnMap":{"0":{"name":"searchLinks","decl":{"start":{"line":4,"column":15},"end":{"line":4,"column":26}},"loc":{"start":{"line":4,"column":34},"end":{"line":17,"column":1}},"line":4}},"branchMap":{},"s":{"0":2,"1":2,"2":2,"3":2,"4":2,"5":2,"6":2,"7":2},"f":{"0":2},"b":{},"_coverageSchema":"1a1c01bbd47fc00a2c39e90264f33305004495a9","hash":"d126c1fe142937f114253420fbcc1a0cfaae29d9"}
,"C:\\Users\\igetx\\Desktop\\bootcamp\\wikipedia\\controllers\\wikipediaController.js": {"path":"C:\\Users\\igetx\\Desktop\\bootcamp\\wikipedia\\controllers\\wikipediaController.js","statementMap":{"0":{"start":{"line":6,"column":24},"end":{"line":6,"column":86}},"1":{"start":{"line":7,"column":15},"end":{"line":7,"column":73}},"2":{"start":{"line":7,"column":42},"end":{"line":7,"column":72}},"3":{"start":{"line":9,"column":20},"end":{"line":9,"column":33}},"4":{"start":{"line":10,"column":4},"end":{"line":10,"column":25}},"5":{"start":{"line":11,"column":17},"end":{"line":11,"column":50}},"6":{"start":{"line":12,"column":19},"end":{"line":12,"column":35}},"7":{"start":{"line":13,"column":18},"end":{"line":13,"column":35}},"8":{"start":{"line":14,"column":18},"end":{"line":14,"column":35}},"9":{"start":{"line":15,"column":19},"end":{"line":15,"column":37}},"10":{"start":{"line":16,"column":23},"end":{"line":16,"column":45}},"11":{"start":{"line":17,"column":4},"end":{"line":17,"column":26}},"12":{"start":{"line":18,"column":0},"end":{"line":24,"column":1}}},"fnMap":{"0":{"name":"getContent","decl":{"start":{"line":5,"column":15},"end":{"line":5,"column":25}},"loc":{"start":{"line":5,"column":33},"end":{"line":25,"column":1}},"line":5},"1":{"name":"(anonymous_1)","decl":{"start":{"line":7,"column":32},"end":{"line":7,"column":33}},"loc":{"start":{"line":7,"column":42},"end":{"line":7,"column":72}},"line":7}},"branchMap":{},"s":{"0":1,"1":1,"2":16,"3":1,"4":1,"5":1,"6":1,"7":1,"8":1,"9":1,"10":1,"11":1,"12":1},"f":{"0":1,"1":16},"b":{},"_coverageSchema":"1a1c01bbd47fc00a2c39e90264f33305004495a9","hash":"17a6e931668b56664bbbc1db2e0d5735fccbc720"}
,"C:\\Users\\igetx\\Desktop\\bootcamp\\wikipedia\\utils\\parser.js": {"path":"C:\\Users\\igetx\\Desktop\\bootcamp\\wikipedia\\utils\\parser.js","statementMap":{"0":{"start":{"line":20,"column":8},"end":{"line":20,"column":25}},"1":{"start":{"line":21,"column":8},"end":{"line":21,"column":28}},"2":{"start":{"line":31,"column":17},"end":{"line":31,"column":28}},"3":{"start":{"line":32,"column":15},"end":{"line":32,"column":35}},"4":{"start":{"line":33,"column":4},"end":{"line":33,"column":40}},"5":{"start":{"line":42,"column":8},"end":{"line":42,"column":64}},"6":{"start":{"line":50,"column":22},"end":{"line":50,"column":69}},"7":{"start":{"line":51,"column":8},"end":{"line":51,"column":64}},"8":{"start":{"line":51,"column":34},"end":{"line":51,"column":62}},"9":{"start":{"line":60,"column":27},"end":{"line":60,"column":74}},"10":{"start":{"line":61,"column":8},"end":{"line":61,"column":52}},"11":{"start":{"line":61,"column":37},"end":{"line":61,"column":50}},"12":{"start":{"line":74,"column":23},"end":{"line":74,"column":72}},"13":{"start":{"line":75,"column":8},"end":{"line":75,"column":44}},"14":{"start":{"line":75,"column":35},"end":{"line":75,"column":42}}},"fnMap":{"0":{"name":"(anonymous_0)","decl":{"start":{"line":15,"column":4},"end":{"line":15,"column":5}},"loc":{"start":{"line":15,"column":21},"end":{"line":22,"column":5}},"line":15},"1":{"name":"(anonymous_1)","decl":{"start":{"line":30,"column":0},"end":{"line":30,"column":1}},"loc":{"start":{"line":30,"column":14},"end":{"line":35,"column":5}},"line":30},"2":{"name":"(anonymous_2)","decl":{"start":{"line":41,"column":4},"end":{"line":41,"column":5}},"loc":{"start":{"line":41,"column":14},"end":{"line":43,"column":5}},"line":41},"3":{"name":"(anonymous_3)","decl":{"start":{"line":49,"column":4},"end":{"line":49,"column":5}},"loc":{"start":{"line":49,"column":14},"end":{"line":53,"column":5}},"line":49},"4":{"name":"(anonymous_4)","decl":{"start":{"line":51,"column":25},"end":{"line":51,"column":26}},"loc":{"start":{"line":51,"column":34},"end":{"line":51,"column":62}},"line":51},"5":{"name":"(anonymous_5)","decl":{"start":{"line":59,"column":4},"end":{"line":59,"column":5}},"loc":{"start":{"line":59,"column":20},"end":{"line":62,"column":5}},"line":59},"6":{"name":"(anonymous_6)","decl":{"start":{"line":61,"column":30},"end":{"line":61,"column":31}},"loc":{"start":{"line":61,"column":37},"end":{"line":61,"column":50}},"line":61},"7":{"name":"(anonymous_7)","decl":{"start":{"line":73,"column":4},"end":{"line":73,"column":5}},"loc":{"start":{"line":73,"column":16},"end":{"line":76,"column":5}},"line":73},"8":{"name":"(anonymous_8)","decl":{"start":{"line":75,"column":26},"end":{"line":75,"column":27}},"loc":{"start":{"line":75,"column":35},"end":{"line":75,"column":42}},"line":75}},"branchMap":{},"s":{"0":4,"1":4,"2":4,"3":4,"4":4,"5":2,"6":4,"7":4,"8":1489,"9":2,"10":2,"11":130,"12":2,"13":2,"14":53},"f":{"0":4,"1":4,"2":2,"3":4,"4":1489,"5":2,"6":130,"7":2,"8":53},"b":{},"_coverageSchema":"1a1c01bbd47fc00a2c39e90264f33305004495a9","hash":"b3cd063d9ef98ebac0ed397899fcce3569add478"}
,"C:\\Users\\igetx\\Desktop\\bootcamp\\wikipedia\\utils\\scraper.js": {"path":"C:\\Users\\igetx\\Desktop\\bootcamp\\wikipedia\\utils\\scraper.js","statementMap":{"0":{"start":{"line":5,"column":8},"end":{"line":5,"column":28}},"1":{"start":{"line":6,"column":8},"end":{"line":6,"column":25}},"2":{"start":{"line":9,"column":8},"end":{"line":9,"column":48}},"3":{"start":{"line":10,"column":8},"end":{"line":10,"column":49}},"4":{"start":{"line":13,"column":8},"end":{"line":13,"column":34}},"5":{"start":{"line":14,"column":8},"end":{"line":14,"column":41}},"6":{"start":{"line":17,"column":8},"end":{"line":17,"column":35}}},"fnMap":{"0":{"name":"(anonymous_0)","decl":{"start":{"line":4,"column":4},"end":{"line":4,"column":5}},"loc":{"start":{"line":4,"column":17},"end":{"line":7,"column":9}},"line":4},"1":{"name":"(anonymous_1)","decl":{"start":{"line":8,"column":4},"end":{"line":8,"column":5}},"loc":{"start":{"line":8,"column":16},"end":{"line":11,"column":5}},"line":8},"2":{"name":"(anonymous_2)","decl":{"start":{"line":12,"column":4},"end":{"line":12,"column":5}},"loc":{"start":{"line":12,"column":29},"end":{"line":15,"column":5}},"line":12},"3":{"name":"(anonymous_3)","decl":{"start":{"line":16,"column":4},"end":{"line":16,"column":5}},"loc":{"start":{"line":16,"column":17},"end":{"line":18,"column":5}},"line":16}},"branchMap":{},"s":{"0":4,"1":4,"2":4,"3":4,"4":4,"5":4,"6":4},"f":{"0":4,"1":4,"2":4,"3":4},"b":{},"_coverageSchema":"1a1c01bbd47fc00a2c39e90264f33305004495a9","hash":"058e39be1bf760915ef86e4927e3993d78e5b365"}
}
