TN:
SF:controllers\googleSearchController.js
FN:4,searchLinks
FNF:1
FNH:1
FNDA:2,searchLinks
DA:7,2
DA:8,2
DA:9,2
DA:10,2
DA:12,2
DA:13,2
DA:14,2
DA:15,2
LF:8
LH:8
BRF:0
BRH:0
end_of_record
TN:
SF:controllers\wikipediaController.js
FN:5,getContent
FN:7,(anonymous_1)
FNF:2
FNH:2
FNDA:1,getContent
FNDA:16,(anonymous_1)
DA:6,1
DA:7,16
DA:9,1
DA:10,1
DA:11,1
DA:12,1
DA:13,1
DA:14,1
DA:15,1
DA:16,1
DA:17,1
DA:18,1
LF:12
LH:12
BRF:0
BRH:0
end_of_record
TN:
SF:utils\parser.js
FN:15,(anonymous_0)
FN:30,(anonymous_1)
FN:41,(anonymous_2)
FN:49,(anonymous_3)
FN:51,(anonymous_4)
FN:59,(anonymous_5)
FN:61,(anonymous_6)
FN:73,(anonymous_7)
FN:75,(anonymous_8)
FNF:9
FNH:9
FNDA:4,(anonymous_0)
FNDA:4,(anonymous_1)
FNDA:2,(anonymous_2)
FNDA:4,(anonymous_3)
FNDA:1489,(anonymous_4)
FNDA:2,(anonymous_5)
FNDA:130,(anonymous_6)
FNDA:2,(anonymous_7)
FNDA:53,(anonymous_8)
DA:20,4
DA:21,4
DA:31,4
DA:32,4
DA:33,4
DA:42,2
DA:50,4
DA:51,1489
DA:60,2
DA:61,130
DA:74,2
DA:75,53
LF:12
LH:12
BRF:0
BRH:0
end_of_record
TN:
SF:utils\scraper.js
FN:4,(anonymous_0)
FN:8,(anonymous_1)
FN:12,(anonymous_2)
FN:16,(anonymous_3)
FNF:4
FNH:4
FNDA:4,(anonymous_0)
FNDA:4,(anonymous_1)
FNDA:4,(anonymous_2)
FNDA:4,(anonymous_3)
DA:5,4
DA:6,4
DA:9,4
DA:10,4
DA:13,4
DA:14,4
DA:17,4
LF:7
LH:7
BRF:0
BRH:0
end_of_record
